2023-01-03 21:48:52,075  INFO [main] SauceDemoProject-30JulyBatch:44 - browser is opened
2023-01-03 21:48:52,381  INFO [main] SauceDemoProject-30JulyBatch:47 - browser is maximized
2023-01-03 21:48:54,438  INFO [main] SauceDemoProject-30JulyBatch:52 - url is opened
2023-01-03 21:48:56,484  INFO [main] SauceDemoProject-30JulyBatch:59 - usernaeme is entered
2023-01-03 21:48:56,997  INFO [main] SauceDemoProject-30JulyBatch:62 - password eneterd
2023-01-03 21:48:58,040  INFO [main] SauceDemoProject-30JulyBatch:65 - clicked on login button
2023-01-03 21:48:58,042  INFO [main] SauceDemoProject-30JulyBatch:68 - Went on HomePage
2023-01-03 21:48:59,500  INFO [main] SauceDemoProject-30JulyBatch:22 - Apply the Validation
2023-01-03 21:49:01,270  INFO [main] SauceDemoProject-30JulyBatch:78 - browser is closed
2023-01-03 21:49:01,272  INFO [main] SauceDemoProject-30JulyBatch:80 - End of Program
2023-01-03 21:49:05,082  INFO [main] SauceDemoProject-30JulyBatch:44 - browser is opened
2023-01-03 21:49:05,467  INFO [main] SauceDemoProject-30JulyBatch:47 - browser is maximized
2023-01-03 21:49:07,073  INFO [main] SauceDemoProject-30JulyBatch:52 - url is opened
2023-01-03 21:49:08,684  INFO [main] SauceDemoProject-30JulyBatch:59 - usernaeme is entered
2023-01-03 21:49:09,143  INFO [main] SauceDemoProject-30JulyBatch:62 - password eneterd
2023-01-03 21:49:10,749  INFO [main] SauceDemoProject-30JulyBatch:65 - clicked on login button
2023-01-03 21:49:10,755  INFO [main] SauceDemoProject-30JulyBatch:68 - Went on HomePage
2023-01-03 21:49:12,659  INFO [main] SauceDemoProject-30JulyBatch:24 - Clicked on Setting Btn
2023-01-03 21:49:13,431  INFO [main] SauceDemoProject-30JulyBatch:28 - Clicked on LogOut btn
2023-01-03 21:49:13,433  INFO [main] SauceDemoProject-30JulyBatch:31 - went on login page
2023-01-03 21:49:13,434  INFO [main] SauceDemoProject-30JulyBatch:34 - Apply the Validation
2023-01-03 21:49:14,442  INFO [main] SauceDemoProject-30JulyBatch:78 - browser is closed
2023-01-03 21:49:14,444  INFO [main] SauceDemoProject-30JulyBatch:80 - End of Program
2023-01-03 21:49:18,186  INFO [main] SauceDemoProject-30JulyBatch:44 - browser is opened
2023-01-03 21:49:18,565  INFO [main] SauceDemoProject-30JulyBatch:47 - browser is maximized
2023-01-03 21:49:20,593  INFO [main] SauceDemoProject-30JulyBatch:52 - url is opened
2023-01-03 21:49:21,677  INFO [main] SauceDemoProject-30JulyBatch:59 - usernaeme is entered
2023-01-03 21:49:22,119  INFO [main] SauceDemoProject-30JulyBatch:62 - password eneterd
2023-01-03 21:49:23,847  INFO [main] SauceDemoProject-30JulyBatch:65 - clicked on login button
2023-01-03 21:49:23,850  INFO [main] SauceDemoProject-30JulyBatch:68 - Went on HomePage
2023-01-03 21:49:26,998  INFO [main] SauceDemoProject-30JulyBatch:78 - browser is closed
2023-01-03 21:49:27,002  INFO [main] SauceDemoProject-30JulyBatch:80 - End of Program
2023-01-03 21:49:30,609  INFO [main] SauceDemoProject-30JulyBatch:44 - browser is opened
2023-01-03 21:49:31,349  INFO [main] SauceDemoProject-30JulyBatch:47 - browser is maximized
2023-01-03 21:49:33,209  INFO [main] SauceDemoProject-30JulyBatch:52 - url is opened
2023-01-03 21:49:34,333  INFO [main] SauceDemoProject-30JulyBatch:59 - usernaeme is entered
2023-01-03 21:49:34,924  INFO [main] SauceDemoProject-30JulyBatch:62 - password eneterd
2023-01-03 21:49:36,215  INFO [main] SauceDemoProject-30JulyBatch:65 - clicked on login button
2023-01-03 21:49:36,216  INFO [main] SauceDemoProject-30JulyBatch:68 - Went on HomePage
2023-01-03 21:49:39,885  INFO [main] SauceDemoProject-30JulyBatch:78 - browser is closed
2023-01-03 21:49:39,887  INFO [main] SauceDemoProject-30JulyBatch:80 - End of Program
